Ex1 (OOP) Simulator log: stage /home/itamarq/PycharmProjects/Ex1Shared/Ex1OOP/data/Ex1_input/Ex1_Buildings/B3.json,  /home/itamarq/PycharmProjects/Ex1Shared/Ex1OOP/out/allocatedCsvFiles/output_3_a.csv
0.0,OOP_Ex1_Elevator_Simulator
0.0,Simulated Building, Building [-10,100]
0) ex1.Elevator_A, Elev_, id,0,  speed, 3.0, open: 2.0,  start: 3.0, close: 2.0,  stop: 3.0
1) ex1.Elevator_A, Elev_, id,1,  speed, 7.0, open: 1.4285714285714286,  start: 2.142857142857143, close: 1.4285714285714286,  stop: 2.142857142857143

0.0,Simulated Period starTime,0.0,  endTime,1104.1840186,  dt,1.0
0.0,Simulated  calls,Elevator log, size: 100
0.0,**** Simulation starts!! ****
5.0,Elevator call,4.37472729,0,-1,1,1, got allocated to elevator, 1
5.0,Elev,1,  arrived at src, 0, Elevator call,4.37472729,0,-1,2,1
5.0, elevID,1,  pos,0,  cmd, goto,-1
13.0,Elev,1,  arrived at dest, -1, this call is done!, Elevator call,4.37472729,0,-1,3,1, Done, dt, 8.62527271
17.0,Elevator call,16.95788289,-1,0,1,1, got allocated to elevator, 1
17.0,Elev,1,  arrived at src, -1, Elevator call,16.95788289,-1,0,2,1
17.0, elevID,1,  pos,-1,  cmd, goto,0
23.0,Elevator call,22.0940563,0,-1,1,0, got allocated to elevator, 0
23.0,Elev,0,  arrived at src, 0, Elevator call,22.0940563,0,-1,2,0
23.0, elevID,0,  pos,0,  cmd, goto,-1
25.0,Elev,1,  arrived at dest, 0, this call is done!, Elevator call,16.95788289,-1,0,3,1, Done, dt, 8.04211711
34.0,Elev,0,  arrived at dest, -1, this call is done!, Elevator call,22.0940563,0,-1,3,0, Done, dt, 11.905943700000002
86.0,Elevator call,85.52096662,3,2,1,1, got allocated to elevator, 1
86.0, elevID,1,  pos,0,  cmd, goto,3
92.0,Elevator call,91.21019413,-1,-2,1,0, got allocated to elevator, 0
92.0,Elev,0,  arrived at src, -1, Elevator call,91.21019413,-1,-2,2,0
92.0, elevID,0,  pos,-1,  cmd, goto,-2
94.0,Elev,1,  arrived at src, 3, Elevator call,85.52096662,3,2,2,1
94.0, elevID,1,  pos,3,  cmd, goto,2
102.0,Elev,1,  arrived at dest, 2, this call is done!, Elevator call,85.52096662,3,2,3,1, Done, dt, 16.479033380000004
103.0,Elev,0,  arrived at dest, -2, this call is done!, Elevator call,91.21019413,-1,-2,3,0, Done, dt, 11.789805869999995
105.0,Elevator call,104.1370124,0,4,1,1, got allocated to elevator, 1
105.0, elevID,1,  pos,2,  cmd, goto,0
110.0,Elevator call,109.2135291,-1,0,1,0, got allocated to elevator, 0
110.0, elevID,0,  pos,-2,  cmd, goto,-1
113.0,Elev,1,  arrived at src, 0, Elevator call,104.1370124,0,4,2,1
113.0, elevID,1,  pos,0,  cmd, goto,4
115.0,Elevator call,114.392351,3,0,1,1, got allocated to elevator, 1
115.0, elevID,1,  pos,0,  cmd, stop,3
121.0,Elev,0,  arrived at src, -1, Elevator call,109.2135291,-1,0,2,0
121.0, elevID,0,  pos,-1,  cmd, goto,0
121.0,Elev,1,  arrived at src, 3, Elevator call,114.392351,3,0,2,1
121.0, elevID,1,  pos,3,  cmd, goto,4
125.0,Elevator call,124.425571,0,9,1,1, got allocated to elevator, 1
129.0,Elev,1,  arrived at dest, 4, this call is done!, Elevator call,104.1370124,0,4,3,1, Done, dt, 24.862987599999997
129.0, elevID,1,  pos,4,  cmd, goto,0
131.0,Elevator call,130.0249568,8,10,1,1, got allocated to elevator, 1
131.0,Elevator call,130.2249113,-1,1,1,0, got allocated to elevator, 0
132.0,Elev,0,  arrived at dest, 0, this call is done!, Elevator call,109.2135291,-1,0,3,0, Done, dt, 22.786470899999998
132.0, elevID,0,  pos,0,  cmd, goto,-1
137.0,Elev,1,  arrived at dest, 0, this call is done!, Elevator call,114.392351,3,0,3,1, Done, dt, 22.607648999999995
137.0,Elev,1,  arrived at src, 0, Elevator call,124.425571,0,9,2,1
137.0, elevID,1,  pos,0,  cmd, goto,8
138.0,Elevator call,137.9515274,0,4,1,1, got allocated to elevator, 1
138.0, elevID,1,  pos,0,  cmd, stop,0
143.0,Elev,0,  arrived at src, -1, Elevator call,130.2249113,-1,1,2,0
143.0, elevID,0,  pos,-1,  cmd, goto,1
144.0,Elevator call,143.9133584,0,6,1,1, got allocated to elevator, 1
145.0,Elev,1,  arrived at src, 0, Elevator call,137.9515274,0,4,2,1
145.0,Elev,1,  arrived at src, 0, Elevator call,143.9133584,0,6,2,1
145.0, elevID,1,  pos,0,  cmd, goto,4
153.0,Elev,1,  arrived at dest, 4, this call is done!, Elevator call,137.9515274,0,4,3,1, Done, dt, 15.048472599999997
153.0, elevID,1,  pos,4,  cmd, goto,6
154.0,Elev,0,  arrived at dest, 1, this call is done!, Elevator call,130.2249113,-1,1,3,0, Done, dt, 23.775088699999998
161.0,Elev,1,  arrived at dest, 6, this call is done!, Elevator call,143.9133584,0,6,3,1, Done, dt, 17.086641600000007
161.0, elevID,1,  pos,6,  cmd, goto,8
169.0,Elev,1,  arrived at src, 8, Elevator call,130.0249568,8,10,2,1
169.0, elevID,1,  pos,8,  cmd, goto,9
170.0,Elevator call,169.7845834,-1,0,1,1, got allocated to elevator, 1
171.0,Elevator call,170.0099621,0,6,1,0, got allocated to elevator, 0
171.0, elevID,0,  pos,1,  cmd, goto,0
172.0,Elevator call,171.2117332,-1,8,1,1, got allocated to elevator, 1
175.0,Elevator call,174.8438515,0,-1,1,0, got allocated to elevator, 0
177.0,Elev,1,  arrived at dest, 9, this call is done!, Elevator call,124.425571,0,9,3,1, Done, dt, 52.574428999999995
177.0, elevID,1,  pos,9,  cmd, goto,10
182.0,Elev,0,  arrived at src, 0, Elevator call,170.0099621,0,6,2,0
182.0,Elev,0,  arrived at src, 0, Elevator call,174.8438515,0,-1,2,0
182.0, elevID,0,  pos,0,  cmd, goto,-1
185.0,Elev,1,  arrived at dest, 10, this call is done!, Elevator call,130.0249568,8,10,3,1, Done, dt, 54.97504319999999
185.0, elevID,1,  pos,10,  cmd, goto,-1
188.0,Elevator call,187.1167862,-1,-2,1,0, got allocated to elevator, 0
188.0,Elevator call,187.7299318,-1,-2,1,1, got allocated to elevator, 1
193.0,Elev,0,  arrived at dest, -1, this call is done!, Elevator call,174.8438515,0,-1,3,0, Done, dt, 18.1561485
193.0,Elev,0,  arrived at src, -1, Elevator call,187.1167862,-1,-2,2,0
193.0, elevID,0,  pos,-1,  cmd, goto,-2
194.0,Elev,1,  arrived at src, -1, Elevator call,169.7845834,-1,0,2,1
194.0,Elev,1,  arrived at src, -1, Elevator call,171.2117332,-1,8,2,1
194.0,Elev,1,  arrived at src, -1, Elevator call,187.7299318,-1,-2,2,1
194.0, elevID,1,  pos,-1,  cmd, goto,-2
196.0,Elevator call,195.9086965,0,7,1,1, got allocated to elevator, 1
198.0,Elevator call,197.5359191,-1,1,1,0, got allocated to elevator, 0
, elevID,0,  pos,-1,  cmd, stop,-1
202.0,Elev,1,  arrived at dest, -2, this call is done!, Elevator call,187.7299318,-1,-2,3,1, Done, dt, 14.270068199999997
202.0, elevID,1,  pos,-2,  cmd, goto,0
203.0,Elev,0,  arrived at src, -1, Elevator call,197.5359191,-1,1,2,0
203.0, elevID,0,  pos,-1,  cmd, goto,-2
206.0,Elevator call,205.9895199,-1,0,1,1, got allocated to elevator, 1
210.0,Elev,1,  arrived at dest, 0, this call is done!, Elevator call,169.7845834,-1,0,3,1, Done, dt, 40.2154166
210.0,Elev,1,  arrived at src, 0, Elevator call,195.9086965,0,7,2,1
210.0, elevID,1,  pos,0,  cmd, goto,7
214.0,Elev,0,  arrived at dest, -2, this call is done!, Elevator call,187.1167862,-1,-2,3,0, Done, dt, 26.883213799999993
214.0, elevID,0,  pos,-2,  cmd, goto,1
219.0,Elev,1,  arrived at dest, 7, this call is done!, Elevator call,195.9086965,0,7,3,1, Done, dt, 23.09130350000001
219.0, elevID,1,  pos,7,  cmd, goto,8
225.0,Elev,0,  arrived at dest, 1, this call is done!, Elevator call,197.5359191,-1,1,3,0, Done, dt, 27.4640809
225.0, elevID,0,  pos,1,  cmd, goto,6
227.0,Elev,1,  arrived at dest, 8, this call is done!, Elevator call,171.2117332,-1,8,3,1, Done, dt, 55.7882668
227.0, elevID,1,  pos,8,  cmd, goto,-1
228.0,Elevator call,227.0798305,-1,5,1,1, got allocated to elevator, 1
232.0,Elevator call,231.5157882,-1,0,1,0, got allocated to elevator, 0
233.0,Elevator call,232.9504362,0,-1,1,1, got allocated to elevator, 1
236.0,Elev,1,  arrived at src, -1, Elevator call,205.9895199,-1,0,2,1
236.0,Elev,1,  arrived at src, -1, Elevator call,227.0798305,-1,5,2,1
236.0, elevID,1,  pos,-1,  cmd, goto,0
237.0,Elev,0,  arrived at dest, 6, this call is done!, Elevator call,170.0099621,0,6,3,0, Done, dt, 66.9900379
237.0, elevID,0,  pos,6,  cmd, goto,-1
244.0,Elev,1,  arrived at dest, 0, this call is done!, Elevator call,205.9895199,-1,0,3,1, Done, dt, 38.010480099999995
244.0,Elev,1,  arrived at src, 0, Elevator call,232.9504362,0,-1,2,1
244.0, elevID,1,  pos,0,  cmd, goto,5
250.0,Elev,0,  arrived at src, -1, Elevator call,231.5157882,-1,0,2,0
250.0, elevID,0,  pos,-1,  cmd, goto,0
252.0,Elevator call,251.1044469,-1,-2,1,0, got allocated to elevator, 0
252.0,Elevator call,251.2359335,0,9,1,1, got allocated to elevator, 1
252.0, elevID,0,  pos,-1,  cmd, stop,-1
252.0,Elev,1,  arrived at dest, 5, this call is done!, Elevator call,227.0798305,-1,5,3,1, Done, dt, 24.920169499999986
252.0, elevID,1,  pos,5,  cmd, goto,0
255.0,Elevator call,254.6977153,3,4,1,1, got allocated to elevator, 1
, elevID,1,  pos,5,  cmd, stop,3
258.0,Elevator call,257.7974435,-1,0,1,0, got allocated to elevator, 0
260.0,Elev,0,  arrived at src, -1, Elevator call,251.1044469,-1,-2,2,0
260.0,Elev,0,  arrived at src, -1, Elevator call,257.7974435,-1,0,2,0
260.0, elevID,0,  pos,-1,  cmd, goto,0
260.0,Elev,1,  arrived at src, 3, Elevator call,254.6977153,3,4,2,1
260.0, elevID,1,  pos,3,  cmd, goto,0
268.0,Elev,1,  arrived at src, 0, Elevator call,251.2359335,0,9,2,1
268.0, elevID,1,  pos,0,  cmd, goto,-1
271.0,Elev,0,  arrived at dest, 0, this call is done!, Elevator call,231.5157882,-1,0,3,0, Done, dt, 39.4842118
271.0,Elev,0,  arrived at dest, 0, this call is done!, Elevator call,257.7974435,-1,0,3,0, Done, dt, 13.202556500000014
271.0, elevID,0,  pos,0,  cmd, goto,-2
276.0,Elev,1,  arrived at dest, -1, this call is done!, Elevator call,232.9504362,0,-1,3,1, Done, dt, 43.04956379999999
276.0, elevID,1,  pos,-1,  cmd, goto,4
282.0,Elev,0,  arrived at dest, -2, this call is done!, Elevator call,251.1044469,-1,-2,3,0, Done, dt, 30.8955531
284.0,Elev,1,  arrived at dest, 4, this call is done!, Elevator call,254.6977153,3,4,3,1, Done, dt, 29.3022847
284.0, elevID,1,  pos,4,  cmd, goto,9
292.0,Elev,1,  arrived at dest, 9, this call is done!, Elevator call,251.2359335,0,9,3,1, Done, dt, 40.76406650000001
296.0,Elevator call,295.7943357,0,1,1,1, got allocated to elevator, 1
296.0, elevID,1,  pos,9,  cmd, goto,0
305.0,Elevator call,304.9984388,6,0,1,1, got allocated to elevator, 1
305.0,Elev,1,  arrived at src, 0, Elevator call,295.7943357,0,1,2,1
305.0, elevID,1,  pos,0,  cmd, goto,1
310.0,Elevator call,309.3005383,0,-1,1,1, got allocated to elevator, 1
313.0,Elevator call,312.3018556,0,-1,1,1, got allocated to elevator, 1
313.0,Elev,1,  arrived at dest, 1, this call is done!, Elevator call,295.7943357,0,1,3,1, Done, dt, 17.205664300000024
313.0, elevID,1,  pos,1,  cmd, goto,6
317.0,Elevator call,316.0323783,0,-1,1,0, got allocated to elevator, 0
317.0, elevID,0,  pos,-2,  cmd, goto,0
320.0,Elevator call,319.905202,6,5,1,1, got allocated to elevator, 1
321.0,Elevator call,320.9760749,-1,0,1,1, got allocated to elevator, 1
321.0,Elev,1,  arrived at src, 6, Elevator call,304.9984388,6,0,2,1
321.0,Elev,1,  arrived at src, 6, Elevator call,319.905202,6,5,2,1
321.0, elevID,1,  pos,6,  cmd, goto,5
322.0,Elevator call,321.370409,7,-1,1,1, got allocated to elevator, 1
328.0,Elev,0,  arrived at src, 0, Elevator call,316.0323783,0,-1,2,0
328.0, elevID,0,  pos,0,  cmd, goto,-1
329.0,Elev,1,  arrived at dest, 5, this call is done!, Elevator call,319.905202,6,5,3,1, Done, dt, 9.094798000000026
329.0, elevID,1,  pos,5,  cmd, goto,0
333.0,Elevator call,332.4267319,0,10,1,0, got allocated to elevator, 0
, elevID,0,  pos,0,  cmd, stop,0
337.0,Elevator call,336.9304305,-1,0,1,1, got allocated to elevator, 1
337.0,Elev,1,  arrived at dest, 0, this call is done!, Elevator call,304.9984388,6,0,3,1, Done, dt, 32.001561200000026
337.0,Elev,1,  arrived at src, 0, Elevator call,309.3005383,0,-1,2,1
337.0,Elev,1,  arrived at src, 0, Elevator call,312.3018556,0,-1,2,1
337.0, elevID,1,  pos,0,  cmd, goto,-1
338.0,Elev,0,  arrived at src, 0, Elevator call,332.4267319,0,10,2,0
338.0, elevID,0,  pos,0,  cmd, goto,-1
345.0,Elev,1,  arrived at dest, -1, this call is done!, Elevator call,309.3005383,0,-1,3,1, Done, dt, 35.69946169999997
345.0,Elev,1,  arrived at dest, -1, this call is done!, Elevator call,312.3018556,0,-1,3,1, Done, dt, 32.69814439999999
345.0,Elev,1,  arrived at src, -1, Elevator call,320.9760749,-1,0,2,1
345.0,Elev,1,  arrived at src, -1, Elevator call,336.9304305,-1,0,2,1
345.0, elevID,1,  pos,-1,  cmd, goto,0
349.0,Elev,0,  arrived at dest, -1, this call is done!, Elevator call,316.0323783,0,-1,3,0, Done, dt, 32.967621699999995
349.0, elevID,0,  pos,-1,  cmd, goto,10
353.0,Elev,1,  arrived at dest, 0, this call is done!, Elevator call,320.9760749,-1,0,3,1, Done, dt, 32.023925099999985
353.0,Elev,1,  arrived at dest, 0, this call is done!, Elevator call,336.9304305,-1,0,3,1, Done, dt, 16.0695695
353.0, elevID,1,  pos,0,  cmd, goto,7
362.0,Elev,1,  arrived at src, 7, Elevator call,321.370409,7,-1,2,1
362.0, elevID,1,  pos,7,  cmd, goto,-1
363.0,Elev,0,  arrived at dest, 10, this call is done!, Elevator call,332.4267319,0,10,3,0, Done, dt, 30.573268100000007
371.0,Elev,1,  arrived at dest, -1, this call is done!, Elevator call,321.370409,7,-1,3,1, Done, dt, 49.629591000000005
376.0,Elevator call,375.490481,1,0,1,1, got allocated to elevator, 1
376.0, elevID,1,  pos,-1,  cmd, goto,1
384.0,Elev,1,  arrived at src, 1, Elevator call,375.490481,1,0,2,1
384.0, elevID,1,  pos,1,  cmd, goto,0
392.0,Elev,1,  arrived at dest, 0, this call is done!, Elevator call,375.490481,1,0,3,1, Done, dt, 16.50951900000001
393.0,Elevator call,392.5160765,0,5,1,1, got allocated to elevator, 1
393.0,Elev,1,  arrived at src, 0, Elevator call,392.5160765,0,5,2,1
393.0, elevID,1,  pos,0,  cmd, goto,5
401.0,Elev,1,  arrived at dest, 5, this call is done!, Elevator call,392.5160765,0,5,3,1, Done, dt, 8.483923500000003
406.0,Elevator call,405.1821141,-1,10,1,1, got allocated to elevator, 1
406.0, elevID,1,  pos,5,  cmd, goto,-1
414.0,Elev,1,  arrived at src, -1, Elevator call,405.1821141,-1,10,2,1
414.0, elevID,1,  pos,-1,  cmd, goto,10
423.0,Elev,1,  arrived at dest, 10, this call is done!, Elevator call,405.1821141,-1,10,3,1, Done, dt, 17.81788590000002
427.0,Elevator call,426.8615805,2,0,1,1, got allocated to elevator, 1
427.0, elevID,1,  pos,10,  cmd, goto,2
436.0,Elev,1,  arrived at src, 2, Elevator call,426.8615805,2,0,2,1
436.0, elevID,1,  pos,2,  cmd, goto,0
438.0,Elevator call,437.1711158,1,0,1,1, got allocated to elevator, 1
, elevID,1,  pos,2,  cmd, stop,1
444.0,Elev,1,  arrived at src, 1, Elevator call,437.1711158,1,0,2,1
444.0, elevID,1,  pos,1,  cmd, goto,0
452.0,Elev,1,  arrived at dest, 0, this call is done!, Elevator call,426.8615805,2,0,3,1, Done, dt, 25.138419499999998
452.0,Elev,1,  arrived at dest, 0, this call is done!, Elevator call,437.1711158,1,0,3,1, Done, dt, 14.828884200000005
473.0,Elevator call,472.7445474,10,-1,1,1, got allocated to elevator, 1
473.0, elevID,1,  pos,0,  cmd, goto,10
482.0,Elev,1,  arrived at src, 10, Elevator call,472.7445474,10,-1,2,1
482.0, elevID,1,  pos,10,  cmd, goto,-1
491.0,Elev,1,  arrived at dest, -1, this call is done!, Elevator call,472.7445474,10,-1,3,1, Done, dt, 18.255452600000012
501.0,Elevator call,500.3712045,8,-1,1,1, got allocated to elevator, 1
501.0, elevID,1,  pos,-1,  cmd, goto,8
504.0,Elevator call,503.1384784,1,-1,1,0, got allocated to elevator, 0
504.0, elevID,0,  pos,10,  cmd, goto,1
505.0,Elevator call,504.4317942,0,-1,1,1, got allocated to elevator, 1
510.0,Elev,1,  arrived at src, 8, Elevator call,500.3712045,8,-1,2,1
510.0, elevID,1,  pos,8,  cmd, goto,0
517.0,Elev,0,  arrived at src, 1, Elevator call,503.1384784,1,-1,2,0
517.0, elevID,0,  pos,1,  cmd, goto,-1
519.0,Elev,1,  arrived at src, 0, Elevator call,504.4317942,0,-1,2,1
519.0, elevID,1,  pos,0,  cmd, goto,-1
527.0,Elev,1,  arrived at dest, -1, this call is done!, Elevator call,500.3712045,8,-1,3,1, Done, dt, 26.628795500000024
527.0,Elev,1,  arrived at dest, -1, this call is done!, Elevator call,504.4317942,0,-1,3,1, Done, dt, 22.568205799999987
528.0,Elev,0,  arrived at dest, -1, this call is done!, Elevator call,503.1384784,1,-1,3,0, Done, dt, 24.861521600000003
530.0,Elevator call,529.6277472,3,-1,1,1, got allocated to elevator, 1
530.0, elevID,1,  pos,-1,  cmd, goto,3
538.0,Elevator call,537.7866884,-1,6,1,0, got allocated to elevator, 0
538.0,Elev,0,  arrived at src, -1, Elevator call,537.7866884,-1,6,2,0
538.0, elevID,0,  pos,-1,  cmd, goto,6
538.0,Elev,1,  arrived at src, 3, Elevator call,529.6277472,3,-1,2,1
538.0, elevID,1,  pos,3,  cmd, goto,-1
545.0,Elevator call,544.7880392,6,-1,1,1, got allocated to elevator, 1
546.0,Elev,1,  arrived at dest, -1, this call is done!, Elevator call,529.6277472,3,-1,3,1, Done, dt, 16.372252799999956
546.0, elevID,1,  pos,-1,  cmd, goto,6
551.0,Elev,0,  arrived at dest, 6, this call is done!, Elevator call,537.7866884,-1,6,3,0, Done, dt, 13.213311599999997
555.0,Elevator call,554.0892923,4,0,1,1, got allocated to elevator, 1
555.0,Elev,1,  arrived at src, 6, Elevator call,544.7880392,6,-1,2,1
555.0, elevID,1,  pos,6,  cmd, goto,4
558.0,Elevator call,557.244139,10,0,1,1, got allocated to elevator, 1
563.0,Elev,1,  arrived at src, 4, Elevator call,554.0892923,4,0,2,1
563.0, elevID,1,  pos,4,  cmd, goto,0
566.0,Elevator call,565.0195522,0,-1,1,0, got allocated to elevator, 0
566.0, elevID,0,  pos,6,  cmd, goto,0
571.0,Elev,1,  arrived at dest, 0, this call is done!, Elevator call,554.0892923,4,0,3,1, Done, dt, 16.91070769999999
571.0, elevID,1,  pos,0,  cmd, goto,-1
578.0,Elev,0,  arrived at src, 0, Elevator call,565.0195522,0,-1,2,0
578.0, elevID,0,  pos,0,  cmd, goto,-1
579.0,Elev,1,  arrived at dest, -1, this call is done!, Elevator call,544.7880392,6,-1,3,1, Done, dt, 34.21196080000004
579.0, elevID,1,  pos,-1,  cmd, goto,10
582.0,Elevator call,581.870309,0,3,1,1, got allocated to elevator, 1
582.0, elevID,1,  pos,-1,  cmd, stop,0
587.0,Elev,1,  arrived at src, 0, Elevator call,581.870309,0,3,2,1
587.0, elevID,1,  pos,0,  cmd, goto,3
589.0,Elev,0,  arrived at dest, -1, this call is done!, Elevator call,565.0195522,0,-1,3,0, Done, dt, 23.98044779999998
595.0,Elev,1,  arrived at dest, 3, this call is done!, Elevator call,581.870309,0,3,3,1, Done, dt, 13.12969099999998
595.0, elevID,1,  pos,3,  cmd, goto,10
597.0,Elevator call,596.1232023,8,0,1,1, got allocated to elevator, 1
597.0, elevID,1,  pos,3,  cmd, stop,8
601.0,Elevator call,600.931288,1,0,1,0, got allocated to elevator, 0
601.0, elevID,0,  pos,-1,  cmd, goto,1
603.0,Elev,1,  arrived at src, 8, Elevator call,596.1232023,8,0,2,1
603.0, elevID,1,  pos,8,  cmd, goto,10
604.0,Elevator call,603.9342327,7,0,1,1, got allocated to elevator, 1
611.0,Elev,1,  arrived at src, 10, Elevator call,557.244139,10,0,2,1
611.0, elevID,1,  pos,10,  cmd, goto,7
612.0,Elev,0,  arrived at src, 1, Elevator call,600.931288,1,0,2,0
612.0, elevID,0,  pos,1,  cmd, goto,0
618.0,Elevator call,617.9628339,0,3,1,0, got allocated to elevator, 0
619.0,Elev,1,  arrived at src, 7, Elevator call,603.9342327,7,0,2,1
619.0, elevID,1,  pos,7,  cmd, goto,0
620.0,Elevator call,619.6454197,9,0,1,1, got allocated to elevator, 1
623.0,Elev,0,  arrived at dest, 0, this call is done!, Elevator call,600.931288,1,0,3,0, Done, dt, 22.068712000000005
623.0,Elev,0,  arrived at src, 0, Elevator call,617.9628339,0,3,2,0
623.0, elevID,0,  pos,0,  cmd, goto,3
627.0,Elevator call,626.2116172,0,1,1,1, got allocated to elevator, 1
628.0,Elev,1,  arrived at dest, 0, this call is done!, Elevator call,557.244139,10,0,3,1, Done, dt, 70.75586099999998
628.0,Elev,1,  arrived at dest, 0, this call is done!, Elevator call,596.1232023,8,0,3,1, Done, dt, 31.876797699999997
628.0,Elev,1,  arrived at dest, 0, this call is done!, Elevator call,603.9342327,7,0,3,1, Done, dt, 24.065767299999948
628.0,Elev,1,  arrived at src, 0, Elevator call,626.2116172,0,1,2,1
628.0, elevID,1,  pos,0,  cmd, goto,1
634.0,Elev,0,  arrived at dest, 3, this call is done!, Elevator call,617.9628339,0,3,3,0, Done, dt, 16.037166100000036
636.0,Elev,1,  arrived at dest, 1, this call is done!, Elevator call,626.2116172,0,1,3,1, Done, dt, 9.788382800000022
636.0, elevID,1,  pos,1,  cmd, goto,9
644.0,Elevator call,643.8547515,-1,2,1,1, got allocated to elevator, 1
645.0,Elev,1,  arrived at src, 9, Elevator call,619.6454197,9,0,2,1
645.0, elevID,1,  pos,9,  cmd, goto,0
654.0,Elev,1,  arrived at dest, 0, this call is done!, Elevator call,619.6454197,9,0,3,1, Done, dt, 34.35458029999995
654.0, elevID,1,  pos,0,  cmd, goto,-1
661.0,Elevator call,660.0732908,6,10,1,1, got allocated to elevator, 1
662.0,Elevator call,661.042082,-1,3,1,0, got allocated to elevator, 0
662.0, elevID,0,  pos,3,  cmd, goto,-1
662.0,Elev,1,  arrived at src, -1, Elevator call,643.8547515,-1,2,2,1
662.0, elevID,1,  pos,-1,  cmd, goto,2
663.0,Elevator call,662.1730528,-1,5,1,1, got allocated to elevator, 1
663.0, elevID,1,  pos,-1,  cmd, stop,-1
666.0,Elevator call,665.1155549,-1,8,1,1, got allocated to elevator, 1
667.0,Elevator call,666.0340295,4,0,1,0, got allocated to elevator, 0
667.0,Elevator call,666.2411587,5,-1,1,0, got allocated to elevator, 0
670.0,Elev,1,  arrived at src, -1, Elevator call,662.1730528,-1,5,2,1
670.0,Elev,1,  arrived at src, -1, Elevator call,665.1155549,-1,8,2,1
670.0, elevID,1,  pos,-1,  cmd, goto,2
673.0,Elevator call,672.6773142,0,-1,1,0, got allocated to elevator, 0
674.0,Elev,0,  arrived at src, -1, Elevator call,661.042082,-1,3,2,0
674.0, elevID,0,  pos,-1,  cmd, goto,0
678.0,Elevator call,677.7341948,0,-1,1,0, got allocated to elevator, 0
678.0,Elev,1,  arrived at dest, 2, this call is done!, Elevator call,643.8547515,-1,2,3,1, Done, dt, 34.14524849999998
678.0, elevID,1,  pos,2,  cmd, goto,5
679.0,Elevator call,678.9953585,-1,-2,1,0, got allocated to elevator, 0
679.0, elevID,0,  pos,-1,  cmd, stop,-1
684.0,Elev,0,  arrived at src, -1, Elevator call,678.9953585,-1,-2,2,0
684.0, elevID,0,  pos,-1,  cmd, goto,0
686.0,Elev,1,  arrived at dest, 5, this call is done!, Elevator call,662.1730528,-1,5,3,1, Done, dt, 23.82694719999995
686.0, elevID,1,  pos,5,  cmd, goto,6
694.0,Elev,1,  arrived at src, 6, Elevator call,660.0732908,6,10,2,1
694.0, elevID,1,  pos,6,  cmd, goto,8
695.0,Elev,0,  arrived at src, 0, Elevator call,672.6773142,0,-1,2,0
695.0,Elev,0,  arrived at src, 0, Elevator call,677.7341948,0,-1,2,0
695.0, elevID,0,  pos,0,  cmd, goto,3
696.0,Elevator call,695.2239882,0,10,1,1, got allocated to elevator, 1
702.0,Elev,1,  arrived at dest, 8, this call is done!, Elevator call,665.1155549,-1,8,3,1, Done, dt, 36.88444509999999
702.0, elevID,1,  pos,8,  cmd, goto,10
706.0,Elev,0,  arrived at dest, 3, this call is done!, Elevator call,661.042082,-1,3,3,0, Done, dt, 44.95791799999995
706.0, elevID,0,  pos,3,  cmd, goto,4
707.0,Elevator call,706.1583475,-1,-2,1,0, got allocated to elevator, 0
710.0,Elev,1,  arrived at dest, 10, this call is done!, Elevator call,660.0732908,6,10,3,1, Done, dt, 49.926709200000005
710.0, elevID,1,  pos,10,  cmd, goto,0
711.0,Elevator call,710.324977,0,1,1,1, got allocated to elevator, 1
714.0,Elevator call,713.0191971,1,0,1,1, got allocated to elevator, 1
714.0,Elevator call,713.2499766,10,-1,1,1, got allocated to elevator, 1
, elevID,1,  pos,7,  cmd, stop,1
717.0,Elev,0,  arrived at src, 4, Elevator call,666.0340295,4,0,2,0
717.0, elevID,0,  pos,4,  cmd, goto,5
719.0,Elev,1,  arrived at src, 1, Elevator call,713.0191971,1,0,2,1
719.0, elevID,1,  pos,1,  cmd, goto,0
723.0,Elevator call,722.6161213,10,0,1,0, got allocated to elevator, 0
727.0,Elev,1,  arrived at src, 0, Elevator call,695.2239882,0,10,2,1
727.0,Elev,1,  arrived at src, 0, Elevator call,710.324977,0,1,2,1
727.0,Elev,1,  arrived at dest, 0, this call is done!, Elevator call,713.0191971,1,0,3,1, Done, dt, 13.980802899999958
727.0, elevID,1,  pos,0,  cmd, goto,1
728.0,Elevator call,727.5146029,-1,0,1,0, got allocated to elevator, 0
728.0,Elev,0,  arrived at src, 5, Elevator call,666.2411587,5,-1,2,0
728.0, elevID,0,  pos,5,  cmd, goto,10
733.0,Elevator call,732.9746341,6,-1,1,1, got allocated to elevator, 1
735.0,Elev,1,  arrived at dest, 1, this call is done!, Elevator call,710.324977,0,1,3,1, Done, dt, 24.67502300000001
735.0, elevID,1,  pos,1,  cmd, goto,6
738.0,Elevator call,737.3147202,1,0,1,1, got allocated to elevator, 1
738.0, elevID,1,  pos,1,  cmd, stop,1
740.0,Elev,0,  arrived at src, 10, Elevator call,722.6161213,10,0,2,0
740.0, elevID,0,  pos,10,  cmd, goto,0
743.0,Elev,1,  arrived at src, 1, Elevator call,737.3147202,1,0,2,1
743.0, elevID,1,  pos,1,  cmd, goto,6
751.0,Elev,1,  arrived at src, 6, Elevator call,732.9746341,6,-1,2,1
751.0, elevID,1,  pos,6,  cmd, goto,10
754.0,Elev,0,  arrived at dest, 0, this call is done!, Elevator call,666.0340295,4,0,3,0, Done, dt, 87.96597050000003
754.0,Elev,0,  arrived at dest, 0, this call is done!, Elevator call,722.6161213,10,0,3,0, Done, dt, 31.38387869999997
754.0, elevID,0,  pos,0,  cmd, goto,-1
759.0,Elev,1,  arrived at dest, 10, this call is done!, Elevator call,695.2239882,0,10,3,1, Done, dt, 63.77601179999999
759.0,Elev,1,  arrived at src, 10, Elevator call,713.2499766,10,-1,2,1
759.0, elevID,1,  pos,10,  cmd, goto,0
765.0,Elev,0,  arrived at dest, -1, this call is done!, Elevator call,666.2411587,5,-1,3,0, Done, dt, 98.75884129999997
765.0,Elev,0,  arrived at dest, -1, this call is done!, Elevator call,672.6773142,0,-1,3,0, Done, dt, 92.32268580000004
765.0,Elev,0,  arrived at dest, -1, this call is done!, Elevator call,677.7341948,0,-1,3,0, Done, dt, 87.26580520000005
765.0,Elev,0,  arrived at src, -1, Elevator call,706.1583475,-1,-2,2,0
765.0,Elev,0,  arrived at src, -1, Elevator call,727.5146029,-1,0,2,0
765.0, elevID,0,  pos,-1,  cmd, goto,-2
768.0,Elev,1,  arrived at dest, 0, this call is done!, Elevator call,737.3147202,1,0,3,1, Done, dt, 30.68527979999999
768.0, elevID,1,  pos,0,  cmd, goto,-1
776.0,Elev,0,  arrived at dest, -2, this call is done!, Elevator call,678.9953585,-1,-2,3,0, Done, dt, 97.00464150000005
776.0,Elev,0,  arrived at dest, -2, this call is done!, Elevator call,706.1583475,-1,-2,3,0, Done, dt, 69.84165250000001
776.0, elevID,0,  pos,-2,  cmd, goto,0
776.0,Elev,1,  arrived at dest, -1, this call is done!, Elevator call,713.2499766,10,-1,3,1, Done, dt, 62.75002340000003
776.0,Elev,1,  arrived at dest, -1, this call is done!, Elevator call,732.9746341,6,-1,3,1, Done, dt, 43.0253659
780.0,Elevator call,779.3996914,-1,5,1,1, got allocated to elevator, 1
780.0,Elev,1,  arrived at src, -1, Elevator call,779.3996914,-1,5,2,1
780.0, elevID,1,  pos,-1,  cmd, goto,5
787.0,Elev,0,  arrived at dest, 0, this call is done!, Elevator call,727.5146029,-1,0,3,0, Done, dt, 59.4853971
788.0,Elev,1,  arrived at dest, 5, this call is done!, Elevator call,779.3996914,-1,5,3,1, Done, dt, 8.600308599999948
806.0,Elevator call,805.6754743,-1,-2,1,1, got allocated to elevator, 1
806.0, elevID,1,  pos,5,  cmd, goto,-1
811.0,Elevator call,810.4469089,2,0,1,0, got allocated to elevator, 0
811.0, elevID,0,  pos,0,  cmd, goto,2
814.0,Elev,1,  arrived at src, -1, Elevator call,805.6754743,-1,-2,2,1
814.0, elevID,1,  pos,-1,  cmd, goto,-2
817.0,Elevator call,816.1516998,7,-1,1,1, got allocated to elevator, 1
822.0,Elev,0,  arrived at src, 2, Elevator call,810.4469089,2,0,2,0
822.0, elevID,0,  pos,2,  cmd, goto,0
822.0,Elev,1,  arrived at dest, -2, this call is done!, Elevator call,805.6754743,-1,-2,3,1, Done, dt, 16.32452569999998
822.0, elevID,1,  pos,-2,  cmd, goto,7
826.0,Elevator call,825.4575185,7,0,1,1, got allocated to elevator, 1
831.0,Elev,1,  arrived at src, 7, Elevator call,816.1516998,7,-1,2,1
831.0,Elev,1,  arrived at src, 7, Elevator call,825.4575185,7,0,2,1
831.0, elevID,1,  pos,7,  cmd, goto,0
833.0,Elev,0,  arrived at dest, 0, this call is done!, Elevator call,810.4469089,2,0,3,0, Done, dt, 22.55309109999996
840.0,Elevator call,839.8525653,0,1,1,0, got allocated to elevator, 0
840.0,Elev,0,  arrived at src, 0, Elevator call,839.8525653,0,1,2,0
840.0, elevID,0,  pos,0,  cmd, goto,1
840.0,Elev,1,  arrived at dest, 0, this call is done!, Elevator call,825.4575185,7,0,3,1, Done, dt, 14.542481500000008
840.0, elevID,1,  pos,0,  cmd, goto,-1
848.0,Elev,1,  arrived at dest, -1, this call is done!, Elevator call,816.1516998,7,-1,3,1, Done, dt, 31.84830020000004
851.0,Elev,0,  arrived at dest, 1, this call is done!, Elevator call,839.8525653,0,1,3,0, Done, dt, 11.147434699999963
855.0,Elevator call,854.2002278,6,-1,1,1, got allocated to elevator, 1
855.0, elevID,1,  pos,-1,  cmd, goto,6
864.0,Elevator call,863.8932913,0,-1,1,0, got allocated to elevator, 0
864.0, elevID,0,  pos,1,  cmd, goto,0
864.0,Elev,1,  arrived at src, 6, Elevator call,854.2002278,6,-1,2,1
864.0, elevID,1,  pos,6,  cmd, goto,-1
871.0,Elevator call,870.5053024,0,7,1,1, got allocated to elevator, 1
873.0,Elev,1,  arrived at dest, -1, this call is done!, Elevator call,854.2002278,6,-1,3,1, Done, dt, 18.799772200000007
873.0, elevID,1,  pos,-1,  cmd, goto,0
875.0,Elev,0,  arrived at src, 0, Elevator call,863.8932913,0,-1,2,0
875.0, elevID,0,  pos,0,  cmd, goto,-1
881.0,Elev,1,  arrived at src, 0, Elevator call,870.5053024,0,7,2,1
881.0, elevID,1,  pos,0,  cmd, goto,7
886.0,Elev,0,  arrived at dest, -1, this call is done!, Elevator call,863.8932913,0,-1,3,0, Done, dt, 22.106708700000013
887.0,Elevator call,886.5649993,-1,-2,1,1, got allocated to elevator, 1
890.0,Elev,1,  arrived at dest, 7, this call is done!, Elevator call,870.5053024,0,7,3,1, Done, dt, 19.494697599999995
890.0, elevID,1,  pos,7,  cmd, goto,-1
893.0,Elevator call,892.5212151,9,-1,1,0, got allocated to elevator, 0
893.0, elevID,0,  pos,-1,  cmd, goto,9
899.0,Elev,1,  arrived at src, -1, Elevator call,886.5649993,-1,-2,2,1
899.0, elevID,1,  pos,-1,  cmd, goto,-2
907.0,Elev,0,  arrived at src, 9, Elevator call,892.5212151,9,-1,2,0
907.0, elevID,0,  pos,9,  cmd, goto,-1
907.0,Elev,1,  arrived at dest, -2, this call is done!, Elevator call,886.5649993,-1,-2,3,1, Done, dt, 20.435000700000046
911.0,Elevator call,910.5388559,6,5,1,1, got allocated to elevator, 1
911.0, elevID,1,  pos,-2,  cmd, goto,6
916.0,Elevator call,915.9490575,4,-1,1,1, got allocated to elevator, 1
920.0,Elev,1,  arrived at src, 6, Elevator call,910.5388559,6,5,2,1
920.0, elevID,1,  pos,6,  cmd, goto,5
921.0,Elev,0,  arrived at dest, -1, this call is done!, Elevator call,892.5212151,9,-1,3,0, Done, dt, 28.47878490000005
928.0,Elev,1,  arrived at dest, 5, this call is done!, Elevator call,910.5388559,6,5,3,1, Done, dt, 17.461144099999956
928.0, elevID,1,  pos,5,  cmd, goto,4
934.0,Elevator call,933.8580452,7,5,1,1, got allocated to elevator, 1
936.0,Elev,1,  arrived at src, 4, Elevator call,915.9490575,4,-1,2,1
936.0, elevID,1,  pos,4,  cmd, goto,-1
944.0,Elev,1,  arrived at dest, -1, this call is done!, Elevator call,915.9490575,4,-1,3,1, Done, dt, 28.05094250000002
944.0, elevID,1,  pos,-1,  cmd, goto,7
953.0,Elev,1,  arrived at src, 7, Elevator call,933.8580452,7,5,2,1
953.0, elevID,1,  pos,7,  cmd, goto,5
961.0,Elev,1,  arrived at dest, 5, this call is done!, Elevator call,933.8580452,7,5,3,1, Done, dt, 27.141954800000008
962.0,Elevator call,961.6862856,6,-1,1,1, got allocated to elevator, 1
962.0, elevID,1,  pos,5,  cmd, goto,6
970.0,Elev,1,  arrived at src, 6, Elevator call,961.6862856,6,-1,2,1
970.0, elevID,1,  pos,6,  cmd, goto,-1
973.0,Elevator call,972.8032126,1,0,1,1, got allocated to elevator, 1
, elevID,1,  pos,6,  cmd, stop,1
976.0,Elevator call,975.8361203,0,-1,1,1, got allocated to elevator, 1
978.0,Elev,1,  arrived at src, 1, Elevator call,972.8032126,1,0,2,1
978.0, elevID,1,  pos,1,  cmd, goto,0
979.0,Elevator call,978.5925149,10,0,1,0, got allocated to elevator, 0
979.0,Elevator call,978.6210501,10,-1,1,1, got allocated to elevator, 1
979.0, elevID,0,  pos,-1,  cmd, goto,10
985.0,Elevator call,984.1840186,7,0,1,1, got allocated to elevator, 1
986.0,Elev,1,  arrived at dest, 0, this call is done!, Elevator call,972.8032126,1,0,3,1, Done, dt, 13.196787399999948
986.0,Elev,1,  arrived at src, 0, Elevator call,975.8361203,0,-1,2,1
986.0, elevID,1,  pos,0,  cmd, goto,-1
993.0,Elev,0,  arrived at src, 10, Elevator call,978.5925149,10,0,2,0
993.0, elevID,0,  pos,10,  cmd, goto,0
994.0,Elev,1,  arrived at dest, -1, this call is done!, Elevator call,961.6862856,6,-1,3,1, Done, dt, 32.31371439999998
994.0,Elev,1,  arrived at dest, -1, this call is done!, Elevator call,975.8361203,0,-1,3,1, Done, dt, 18.163879700000052
994.0, elevID,1,  pos,-1,  cmd, goto,7
1003.0,Elev,1,  arrived at src, 7, Elevator call,984.1840186,7,0,2,1
1003.0, elevID,1,  pos,7,  cmd, goto,10
1007.0,Elev,0,  arrived at dest, 0, this call is done!, Elevator call,978.5925149,10,0,3,0, Done, dt, 28.40748510000003
1011.0,Elev,1,  arrived at src, 10, Elevator call,978.6210501,10,-1,2,1
1011.0, elevID,1,  pos,10,  cmd, goto,0
1020.0,Elev,1,  arrived at dest, 0, this call is done!, Elevator call,984.1840186,7,0,3,1, Done, dt, 35.815981400000055
1020.0, elevID,1,  pos,0,  cmd, goto,-1
1028.0,Elev,1,  arrived at dest, -1, this call is done!, Elevator call,978.6210501,10,-1,3,1, Done, dt, 49.37894989999995
1029.0,************* Simulation Ended ************
Code Owners,208999888,318636693,  Building_file,/home/itamarq/PycharmProjects/Ex1Shared/Ex1OOP/data/Ex1_input/Ex1_Buildings/B3.json,  Calls,/home/itamarq/PycharmProjects/Ex1Shared/Ex1OOP/out/allocatedCsvFiles/output_3_a.csv
Total waiting time: 3080.0,  average waiting time per call: 30.8,  unCompleted calls,0,  certificate, -24382586
