Ex1 (OOP) Simulator log: stage B2.json,  output_2_a.csv
0.0,OOP_Ex1_Elevator_Simulator
0.0,Simulated Building, Building [-2,10]
0) ex1.Elevator_A, Elev_, id,0,  speed, 1.0, open: 2.0,  start: 3.0, close: 2.0,  stop: 3.0
1) ex1.Elevator_A, Elev_, id,1,  speed, 2.0, open: 2.0,  start: 3.0, close: 2.0,  stop: 3.0

0.0,Simulated Period starTime,0.0,  endTime,1104.1840186,  dt,1.0
0.0,Simulated  calls,Elevator log, size: 100
0.0,**** Simulation starts!! ****
5.0,Elevator call,4.37472729,0,-1,1,1, got allocated to elevator, 1
5.0,Elev,1,  arrived at src, 0, Elevator call,4.37472729,0,-1,2,1
5.0, elevID,1,  pos,0,  cmd, goto,-1
16.0,Elev,1,  arrived at dest, -1, this call is done!, Elevator call,4.37472729,0,-1,3,1, Done, dt, 11.62527271
17.0,Elevator call,16.95788289,-1,0,1,0, got allocated to elevator, 0
17.0, elevID,0,  pos,0,  cmd, goto,-1
23.0,Elevator call,22.0940563,0,-1,1,1, got allocated to elevator, 1
23.0, elevID,1,  pos,-1,  cmd, goto,0
28.0,Elev,0,  arrived at src, -1, Elevator call,16.95788289,-1,0,2,0
28.0, elevID,0,  pos,-1,  cmd, goto,0
34.0,Elev,1,  arrived at src, 0, Elevator call,22.0940563,0,-1,2,1
34.0, elevID,1,  pos,0,  cmd, goto,-1
39.0,Elev,0,  arrived at dest, 0, this call is done!, Elevator call,16.95788289,-1,0,3,0, Done, dt, 22.04211711
45.0,Elev,1,  arrived at dest, -1, this call is done!, Elevator call,22.0940563,0,-1,3,1, Done, dt, 22.9059437
86.0,Elevator call,85.52096662,3,2,1,1, got allocated to elevator, 1
86.0, elevID,1,  pos,-1,  cmd, goto,3
92.0,Elevator call,91.21019413,-1,-2,1,0, got allocated to elevator, 0
92.0, elevID,0,  pos,0,  cmd, goto,-1
98.0,Elev,1,  arrived at src, 3, Elevator call,85.52096662,3,2,2,1
98.0, elevID,1,  pos,3,  cmd, goto,2
103.0,Elev,0,  arrived at src, -1, Elevator call,91.21019413,-1,-2,2,0
103.0, elevID,0,  pos,-1,  cmd, goto,-2
105.0,Elevator call,104.1370124,0,4,1,1, got allocated to elevator, 1
109.0,Elev,1,  arrived at dest, 2, this call is done!, Elevator call,85.52096662,3,2,3,1, Done, dt, 23.479033380000004
109.0, elevID,1,  pos,2,  cmd, goto,0
110.0,Elevator call,109.2135291,-1,0,1,0, got allocated to elevator, 0
114.0,Elev,0,  arrived at dest, -2, this call is done!, Elevator call,91.21019413,-1,-2,3,0, Done, dt, 22.789805869999995
114.0, elevID,0,  pos,-2,  cmd, goto,-1
115.0,Elevator call,114.392351,3,0,1,0, got allocated to elevator, 0
120.0,Elev,1,  arrived at src, 0, Elevator call,104.1370124,0,4,2,1
120.0, elevID,1,  pos,0,  cmd, goto,4
125.0,Elevator call,124.425571,0,9,1,0, got allocated to elevator, 0
125.0,Elev,0,  arrived at src, -1, Elevator call,109.2135291,-1,0,2,0
125.0, elevID,0,  pos,-1,  cmd, goto,0
131.0,Elevator call,130.0249568,8,10,1,1, got allocated to elevator, 1
131.0,Elevator call,130.2249113,-1,1,1,1, got allocated to elevator, 1
132.0,Elev,1,  arrived at dest, 4, this call is done!, Elevator call,104.1370124,0,4,3,1, Done, dt, 27.862987599999997
132.0, elevID,1,  pos,4,  cmd, goto,8
136.0,Elev,0,  arrived at dest, 0, this call is done!, Elevator call,109.2135291,-1,0,3,0, Done, dt, 26.786470899999998
136.0,Elev,0,  arrived at src, 0, Elevator call,124.425571,0,9,2,0
136.0, elevID,0,  pos,0,  cmd, goto,3
138.0,Elevator call,137.9515274,0,4,1,1, got allocated to elevator, 1
144.0,Elevator call,143.9133584,0,6,1,1, got allocated to elevator, 1
144.0,Elev,1,  arrived at src, 8, Elevator call,130.0249568,8,10,2,1
144.0, elevID,1,  pos,8,  cmd, goto,10
149.0,Elev,0,  arrived at src, 3, Elevator call,114.392351,3,0,2,0
149.0, elevID,0,  pos,3,  cmd, goto,9
155.0,Elev,1,  arrived at dest, 10, this call is done!, Elevator call,130.0249568,8,10,3,1, Done, dt, 24.975043199999988
155.0, elevID,1,  pos,10,  cmd, goto,0
165.0,Elev,0,  arrived at dest, 9, this call is done!, Elevator call,124.425571,0,9,3,0, Done, dt, 40.574428999999995
165.0, elevID,0,  pos,9,  cmd, goto,0
170.0,Elevator call,169.7845834,-1,0,1,0, got allocated to elevator, 0
170.0,Elev,1,  arrived at src, 0, Elevator call,137.9515274,0,4,2,1
170.0,Elev,1,  arrived at src, 0, Elevator call,143.9133584,0,6,2,1
170.0, elevID,1,  pos,0,  cmd, goto,-1
171.0,Elevator call,170.0099621,0,6,1,1, got allocated to elevator, 1
, elevID,1,  pos,0,  cmd, stop,0
172.0,Elevator call,171.2117332,-1,8,1,1, got allocated to elevator, 1
175.0,Elevator call,174.8438515,0,-1,1,0, got allocated to elevator, 0
180.0,Elev,1,  arrived at src, 0, Elevator call,170.0099621,0,6,2,1
180.0, elevID,1,  pos,0,  cmd, goto,-1
184.0,Elev,0,  arrived at dest, 0, this call is done!, Elevator call,114.392351,3,0,3,0, Done, dt, 69.607649
184.0,Elev,0,  arrived at src, 0, Elevator call,174.8438515,0,-1,2,0
184.0, elevID,0,  pos,0,  cmd, goto,-1
188.0,Elevator call,187.1167862,-1,-2,1,0, got allocated to elevator, 0
188.0,Elevator call,187.7299318,-1,-2,1,1, got allocated to elevator, 1
191.0,Elev,1,  arrived at src, -1, Elevator call,130.2249113,-1,1,2,1
191.0,Elev,1,  arrived at src, -1, Elevator call,171.2117332,-1,8,2,1
191.0,Elev,1,  arrived at src, -1, Elevator call,187.7299318,-1,-2,2,1
191.0, elevID,1,  pos,-1,  cmd, goto,-2
195.0,Elev,0,  arrived at src, -1, Elevator call,169.7845834,-1,0,2,0
195.0,Elev,0,  arrived at dest, -1, this call is done!, Elevator call,174.8438515,0,-1,3,0, Done, dt, 20.1561485
195.0,Elev,0,  arrived at src, -1, Elevator call,187.1167862,-1,-2,2,0
195.0, elevID,0,  pos,-1,  cmd, goto,-2
196.0,Elevator call,195.9086965,0,7,1,0, got allocated to elevator, 0
198.0,Elevator call,197.5359191,-1,1,1,1, got allocated to elevator, 1
202.0,Elev,1,  arrived at dest, -2, this call is done!, Elevator call,187.7299318,-1,-2,3,1, Done, dt, 14.270068199999997
202.0, elevID,1,  pos,-2,  cmd, goto,-1
206.0,Elevator call,205.9895199,-1,0,1,0, got allocated to elevator, 0
206.0,Elev,0,  arrived at dest, -2, this call is done!, Elevator call,187.1167862,-1,-2,3,0, Done, dt, 18.883213799999993
206.0, elevID,0,  pos,-2,  cmd, goto,-1
213.0,Elev,1,  arrived at src, -1, Elevator call,197.5359191,-1,1,2,1
213.0, elevID,1,  pos,-1,  cmd, goto,1
217.0,Elev,0,  arrived at src, -1, Elevator call,205.9895199,-1,0,2,0
217.0, elevID,0,  pos,-1,  cmd, goto,0
224.0,Elev,1,  arrived at dest, 1, this call is done!, Elevator call,130.2249113,-1,1,3,1, Done, dt, 93.7750887
224.0,Elev,1,  arrived at dest, 1, this call is done!, Elevator call,197.5359191,-1,1,3,1, Done, dt, 26.4640809
224.0, elevID,1,  pos,1,  cmd, goto,4
228.0,Elevator call,227.0798305,-1,5,1,1, got allocated to elevator, 1
228.0,Elev,0,  arrived at dest, 0, this call is done!, Elevator call,169.7845834,-1,0,3,0, Done, dt, 58.2154166
228.0,Elev,0,  arrived at src, 0, Elevator call,195.9086965,0,7,2,0
228.0,Elev,0,  arrived at dest, 0, this call is done!, Elevator call,205.9895199,-1,0,3,0, Done, dt, 22.010480099999995
228.0, elevID,0,  pos,0,  cmd, goto,7
232.0,Elevator call,231.5157882,-1,0,1,0, got allocated to elevator, 0
233.0,Elevator call,232.9504362,0,-1,1,1, got allocated to elevator, 1
236.0,Elev,1,  arrived at dest, 4, this call is done!, Elevator call,137.9515274,0,4,3,1, Done, dt, 98.0484726
236.0, elevID,1,  pos,4,  cmd, goto,6
245.0,Elev,0,  arrived at dest, 7, this call is done!, Elevator call,195.9086965,0,7,3,0, Done, dt, 49.09130350000001
245.0, elevID,0,  pos,7,  cmd, goto,-1
247.0,Elev,1,  arrived at dest, 6, this call is done!, Elevator call,143.9133584,0,6,3,1, Done, dt, 103.08664160000001
247.0,Elev,1,  arrived at dest, 6, this call is done!, Elevator call,170.0099621,0,6,3,1, Done, dt, 76.9900379
247.0, elevID,1,  pos,6,  cmd, goto,8
252.0,Elevator call,251.1044469,-1,-2,1,1, got allocated to elevator, 1
252.0,Elevator call,251.2359335,0,9,1,0, got allocated to elevator, 0
, elevID,0,  pos,5,  cmd, stop,0
255.0,Elevator call,254.6977153,3,4,1,0, got allocated to elevator, 0
258.0,Elevator call,257.7974435,-1,0,1,1, got allocated to elevator, 1
258.0,Elev,1,  arrived at dest, 8, this call is done!, Elevator call,171.2117332,-1,8,3,1, Done, dt, 86.7882668
258.0, elevID,1,  pos,8,  cmd, goto,0
262.0,Elev,0,  arrived at src, 0, Elevator call,251.2359335,0,9,2,0
262.0, elevID,0,  pos,0,  cmd, goto,-1
272.0,Elev,1,  arrived at src, 0, Elevator call,232.9504362,0,-1,2,1
272.0, elevID,1,  pos,0,  cmd, goto,-1
273.0,Elev,0,  arrived at src, -1, Elevator call,231.5157882,-1,0,2,0
273.0, elevID,0,  pos,-1,  cmd, goto,0
283.0,Elev,1,  arrived at src, -1, Elevator call,227.0798305,-1,5,2,1
283.0,Elev,1,  arrived at dest, -1, this call is done!, Elevator call,232.9504362,0,-1,3,1, Done, dt, 50.04956379999999
283.0,Elev,1,  arrived at src, -1, Elevator call,251.1044469,-1,-2,2,1
283.0,Elev,1,  arrived at src, -1, Elevator call,257.7974435,-1,0,2,1
283.0, elevID,1,  pos,-1,  cmd, goto,-2
284.0,Elev,0,  arrived at dest, 0, this call is done!, Elevator call,231.5157882,-1,0,3,0, Done, dt, 52.4842118
284.0, elevID,0,  pos,0,  cmd, goto,3
294.0,Elev,1,  arrived at dest, -2, this call is done!, Elevator call,251.1044469,-1,-2,3,1, Done, dt, 42.8955531
294.0, elevID,1,  pos,-2,  cmd, goto,0
296.0,Elevator call,295.7943357,0,1,1,1, got allocated to elevator, 1
297.0,Elev,0,  arrived at src, 3, Elevator call,254.6977153,3,4,2,0
297.0, elevID,0,  pos,3,  cmd, goto,4
305.0,Elevator call,304.9984388,6,0,1,1, got allocated to elevator, 1
305.0,Elev,1,  arrived at dest, 0, this call is done!, Elevator call,257.7974435,-1,0,3,1, Done, dt, 47.202556500000014
305.0,Elev,1,  arrived at src, 0, Elevator call,295.7943357,0,1,2,1
305.0, elevID,1,  pos,0,  cmd, goto,1
308.0,Elev,0,  arrived at dest, 4, this call is done!, Elevator call,254.6977153,3,4,3,0, Done, dt, 53.3022847
308.0, elevID,0,  pos,4,  cmd, goto,9
310.0,Elevator call,309.3005383,0,-1,1,1, got allocated to elevator, 1
310.0, elevID,1,  pos,0,  cmd, stop,0
313.0,Elevator call,312.3018556,0,-1,1,1, got allocated to elevator, 1
315.0,Elev,1,  arrived at src, 0, Elevator call,309.3005383,0,-1,2,1
315.0,Elev,1,  arrived at src, 0, Elevator call,312.3018556,0,-1,2,1
315.0, elevID,1,  pos,0,  cmd, goto,1
317.0,Elevator call,316.0323783,0,-1,1,1, got allocated to elevator, 1
317.0, elevID,1,  pos,0,  cmd, stop,0
320.0,Elevator call,319.905202,6,5,1,0, got allocated to elevator, 0
321.0,Elevator call,320.9760749,-1,0,1,0, got allocated to elevator, 0
322.0,Elevator call,321.370409,7,-1,1,1, got allocated to elevator, 1
323.0,Elev,0,  arrived at dest, 9, this call is done!, Elevator call,251.2359335,0,9,3,0, Done, dt, 71.76406650000001
323.0, elevID,0,  pos,9,  cmd, goto,6
325.0,Elev,1,  arrived at src, 0, Elevator call,316.0323783,0,-1,2,1
325.0, elevID,1,  pos,0,  cmd, goto,1
333.0,Elevator call,332.4267319,0,10,1,1, got allocated to elevator, 1
336.0,Elev,0,  arrived at src, 6, Elevator call,319.905202,6,5,2,0
336.0, elevID,0,  pos,6,  cmd, goto,5
336.0,Elev,1,  arrived at dest, 1, this call is done!, Elevator call,295.7943357,0,1,3,1, Done, dt, 40.205664300000024
336.0, elevID,1,  pos,1,  cmd, goto,5
337.0,Elevator call,336.9304305,-1,0,1,0, got allocated to elevator, 0
347.0,Elev,0,  arrived at dest, 5, this call is done!, Elevator call,319.905202,6,5,3,0, Done, dt, 27.094798000000026
347.0, elevID,0,  pos,5,  cmd, goto,-1
348.0,Elev,1,  arrived at dest, 5, this call is done!, Elevator call,227.0798305,-1,5,3,1, Done, dt, 120.92016949999999
348.0, elevID,1,  pos,5,  cmd, goto,6
359.0,Elev,1,  arrived at src, 6, Elevator call,304.9984388,6,0,2,1
359.0, elevID,1,  pos,6,  cmd, goto,7
363.0,Elev,0,  arrived at src, -1, Elevator call,320.9760749,-1,0,2,0
363.0,Elev,0,  arrived at src, -1, Elevator call,336.9304305,-1,0,2,0
363.0, elevID,0,  pos,-1,  cmd, goto,0
370.0,Elev,1,  arrived at src, 7, Elevator call,321.370409,7,-1,2,1
370.0, elevID,1,  pos,7,  cmd, goto,0
374.0,Elev,0,  arrived at dest, 0, this call is done!, Elevator call,320.9760749,-1,0,3,0, Done, dt, 53.023925099999985
374.0,Elev,0,  arrived at dest, 0, this call is done!, Elevator call,336.9304305,-1,0,3,0, Done, dt, 37.0695695
376.0,Elevator call,375.490481,1,0,1,0, got allocated to elevator, 0
376.0, elevID,0,  pos,0,  cmd, goto,1
384.0,Elev,1,  arrived at dest, 0, this call is done!, Elevator call,304.9984388,6,0,3,1, Done, dt, 79.00156120000003
384.0,Elev,1,  arrived at src, 0, Elevator call,332.4267319,0,10,2,1
384.0, elevID,1,  pos,0,  cmd, goto,-1
387.0,Elev,0,  arrived at src, 1, Elevator call,375.490481,1,0,2,0
387.0, elevID,0,  pos,1,  cmd, goto,0
393.0,Elevator call,392.5160765,0,5,1,1, got allocated to elevator, 1
395.0,Elev,1,  arrived at dest, -1, this call is done!, Elevator call,309.3005383,0,-1,3,1, Done, dt, 85.69946169999997
395.0,Elev,1,  arrived at dest, -1, this call is done!, Elevator call,312.3018556,0,-1,3,1, Done, dt, 82.69814439999999
395.0,Elev,1,  arrived at dest, -1, this call is done!, Elevator call,316.0323783,0,-1,3,1, Done, dt, 78.9676217
395.0,Elev,1,  arrived at dest, -1, this call is done!, Elevator call,321.370409,7,-1,3,1, Done, dt, 73.629591
395.0, elevID,1,  pos,-1,  cmd, goto,0
398.0,Elev,0,  arrived at dest, 0, this call is done!, Elevator call,375.490481,1,0,3,0, Done, dt, 22.50951900000001
406.0,Elevator call,405.1821141,-1,10,1,0, got allocated to elevator, 0
406.0, elevID,0,  pos,0,  cmd, goto,-1
406.0,Elev,1,  arrived at src, 0, Elevator call,392.5160765,0,5,2,1
406.0, elevID,1,  pos,0,  cmd, goto,5
417.0,Elev,0,  arrived at src, -1, Elevator call,405.1821141,-1,10,2,0
417.0, elevID,0,  pos,-1,  cmd, goto,10
419.0,Elev,1,  arrived at dest, 5, this call is done!, Elevator call,392.5160765,0,5,3,1, Done, dt, 26.483923500000003
419.0, elevID,1,  pos,5,  cmd, goto,10
427.0,Elevator call,426.8615805,2,0,1,1, got allocated to elevator, 1
432.0,Elev,1,  arrived at dest, 10, this call is done!, Elevator call,332.4267319,0,10,3,1, Done, dt, 99.5732681
432.0, elevID,1,  pos,10,  cmd, goto,2
438.0,Elevator call,437.1711158,1,0,1,0, got allocated to elevator, 0
438.0,Elev,0,  arrived at dest, 10, this call is done!, Elevator call,405.1821141,-1,10,3,0, Done, dt, 32.81788590000002
438.0, elevID,0,  pos,10,  cmd, goto,1
446.0,Elev,1,  arrived at src, 2, Elevator call,426.8615805,2,0,2,1
446.0, elevID,1,  pos,2,  cmd, goto,0
457.0,Elev,0,  arrived at src, 1, Elevator call,437.1711158,1,0,2,0
457.0, elevID,0,  pos,1,  cmd, goto,0
457.0,Elev,1,  arrived at dest, 0, this call is done!, Elevator call,426.8615805,2,0,3,1, Done, dt, 30.138419499999998
468.0,Elev,0,  arrived at dest, 0, this call is done!, Elevator call,437.1711158,1,0,3,0, Done, dt, 30.828884200000005
473.0,Elevator call,472.7445474,10,-1,1,1, got allocated to elevator, 1
473.0, elevID,1,  pos,0,  cmd, goto,10
488.0,Elev,1,  arrived at src, 10, Elevator call,472.7445474,10,-1,2,1
488.0, elevID,1,  pos,10,  cmd, goto,-1
501.0,Elevator call,500.3712045,8,-1,1,1, got allocated to elevator, 1
504.0,Elevator call,503.1384784,1,-1,1,0, got allocated to elevator, 0
504.0, elevID,0,  pos,0,  cmd, goto,1
504.0,Elev,1,  arrived at dest, -1, this call is done!, Elevator call,472.7445474,10,-1,3,1, Done, dt, 31.255452600000012
504.0, elevID,1,  pos,-1,  cmd, goto,8
505.0,Elevator call,504.4317942,0,-1,1,1, got allocated to elevator, 1
505.0, elevID,1,  pos,-1,  cmd, stop,0
515.0,Elev,0,  arrived at src, 1, Elevator call,503.1384784,1,-1,2,0
515.0, elevID,0,  pos,1,  cmd, goto,-1
515.0,Elev,1,  arrived at src, 0, Elevator call,504.4317942,0,-1,2,1
515.0, elevID,1,  pos,0,  cmd, goto,8
527.0,Elev,0,  arrived at dest, -1, this call is done!, Elevator call,503.1384784,1,-1,3,0, Done, dt, 23.861521600000003
529.0,Elev,1,  arrived at src, 8, Elevator call,500.3712045,8,-1,2,1
529.0, elevID,1,  pos,8,  cmd, goto,-1
530.0,Elevator call,529.6277472,3,-1,1,1, got allocated to elevator, 1
, elevID,1,  pos,8,  cmd, stop,3
538.0,Elevator call,537.7866884,-1,6,1,0, got allocated to elevator, 0
538.0,Elev,0,  arrived at src, -1, Elevator call,537.7866884,-1,6,2,0
538.0, elevID,0,  pos,-1,  cmd, goto,6
542.0,Elev,1,  arrived at src, 3, Elevator call,529.6277472,3,-1,2,1
542.0, elevID,1,  pos,3,  cmd, goto,-1
545.0,Elevator call,544.7880392,6,-1,1,1, got allocated to elevator, 1
554.0,Elev,1,  arrived at dest, -1, this call is done!, Elevator call,500.3712045,8,-1,3,1, Done, dt, 53.628795500000024
554.0,Elev,1,  arrived at dest, -1, this call is done!, Elevator call,504.4317942,0,-1,3,1, Done, dt, 49.56820579999999
554.0,Elev,1,  arrived at dest, -1, this call is done!, Elevator call,529.6277472,3,-1,3,1, Done, dt, 24.372252799999956
554.0, elevID,1,  pos,-1,  cmd, goto,6
555.0,Elevator call,554.0892923,4,0,1,0, got allocated to elevator, 0
555.0,Elev,0,  arrived at dest, 6, this call is done!, Elevator call,537.7866884,-1,6,3,0, Done, dt, 17.213311599999997
555.0, elevID,0,  pos,6,  cmd, goto,4
558.0,Elevator call,557.244139,10,0,1,0, got allocated to elevator, 0
566.0,Elevator call,565.0195522,0,-1,1,0, got allocated to elevator, 0
567.0,Elev,0,  arrived at src, 4, Elevator call,554.0892923,4,0,2,0
567.0, elevID,0,  pos,4,  cmd, goto,0
568.0,Elev,1,  arrived at src, 6, Elevator call,544.7880392,6,-1,2,1
568.0, elevID,1,  pos,6,  cmd, goto,-1
581.0,Elev,0,  arrived at dest, 0, this call is done!, Elevator call,554.0892923,4,0,3,0, Done, dt, 26.91070769999999
581.0,Elev,0,  arrived at src, 0, Elevator call,565.0195522,0,-1,2,0
581.0, elevID,0,  pos,0,  cmd, goto,-1
582.0,Elevator call,581.870309,0,3,1,1, got allocated to elevator, 1
582.0,Elev,1,  arrived at dest, -1, this call is done!, Elevator call,544.7880392,6,-1,3,1, Done, dt, 37.21196080000004
582.0, elevID,1,  pos,-1,  cmd, goto,0
592.0,Elev,0,  arrived at dest, -1, this call is done!, Elevator call,565.0195522,0,-1,3,0, Done, dt, 26.98044779999998
592.0, elevID,0,  pos,-1,  cmd, goto,10
593.0,Elev,1,  arrived at src, 0, Elevator call,581.870309,0,3,2,1
593.0, elevID,1,  pos,0,  cmd, goto,3
597.0,Elevator call,596.1232023,8,0,1,1, got allocated to elevator, 1
601.0,Elevator call,600.931288,1,0,1,0, got allocated to elevator, 0
604.0,Elevator call,603.9342327,7,0,1,1, got allocated to elevator, 1
605.0,Elev,1,  arrived at dest, 3, this call is done!, Elevator call,581.870309,0,3,3,1, Done, dt, 23.12969099999998
605.0, elevID,1,  pos,3,  cmd, goto,7
613.0,Elev,0,  arrived at src, 10, Elevator call,557.244139,10,0,2,0
613.0, elevID,0,  pos,10,  cmd, goto,1
617.0,Elev,1,  arrived at src, 7, Elevator call,603.9342327,7,0,2,1
617.0, elevID,1,  pos,7,  cmd, goto,8
618.0,Elevator call,617.9628339,0,3,1,0, got allocated to elevator, 0
620.0,Elevator call,619.6454197,9,0,1,1, got allocated to elevator, 1
627.0,Elevator call,626.2116172,0,1,1,0, got allocated to elevator, 0
628.0,Elev,1,  arrived at src, 8, Elevator call,596.1232023,8,0,2,1
628.0, elevID,1,  pos,8,  cmd, goto,9
632.0,Elev,0,  arrived at src, 1, Elevator call,600.931288,1,0,2,0
632.0, elevID,0,  pos,1,  cmd, goto,0
639.0,Elev,1,  arrived at src, 9, Elevator call,619.6454197,9,0,2,1
639.0, elevID,1,  pos,9,  cmd, goto,0
643.0,Elev,0,  arrived at dest, 0, this call is done!, Elevator call,557.244139,10,0,3,0, Done, dt, 85.75586099999998
643.0,Elev,0,  arrived at dest, 0, this call is done!, Elevator call,600.931288,1,0,3,0, Done, dt, 42.068712000000005
643.0,Elev,0,  arrived at src, 0, Elevator call,617.9628339,0,3,2,0
643.0,Elev,0,  arrived at src, 0, Elevator call,626.2116172,0,1,2,0
643.0, elevID,0,  pos,0,  cmd, goto,1
644.0,Elevator call,643.8547515,-1,2,1,0, got allocated to elevator, 0
654.0,Elev,0,  arrived at dest, 1, this call is done!, Elevator call,626.2116172,0,1,3,0, Done, dt, 27.788382800000022
654.0, elevID,0,  pos,1,  cmd, goto,3
654.0,Elev,1,  arrived at dest, 0, this call is done!, Elevator call,596.1232023,8,0,3,1, Done, dt, 57.8767977
654.0,Elev,1,  arrived at dest, 0, this call is done!, Elevator call,603.9342327,7,0,3,1, Done, dt, 50.06576729999995
654.0,Elev,1,  arrived at dest, 0, this call is done!, Elevator call,619.6454197,9,0,3,1, Done, dt, 34.35458029999995
661.0,Elevator call,660.0732908,6,10,1,1, got allocated to elevator, 1
661.0, elevID,1,  pos,0,  cmd, goto,6
662.0,Elevator call,661.042082,-1,3,1,0, got allocated to elevator, 0
663.0,Elevator call,662.1730528,-1,5,1,0, got allocated to elevator, 0
666.0,Elevator call,665.1155549,-1,8,1,0, got allocated to elevator, 0
666.0,Elev,0,  arrived at dest, 3, this call is done!, Elevator call,617.9628339,0,3,3,0, Done, dt, 48.037166100000036
666.0, elevID,0,  pos,3,  cmd, goto,-1
667.0,Elevator call,666.0340295,4,0,1,1, got allocated to elevator, 1
667.0,Elevator call,666.2411587,5,-1,1,1, got allocated to elevator, 1
667.0, elevID,1,  pos,2,  cmd, stop,4
673.0,Elevator call,672.6773142,0,-1,1,1, got allocated to elevator, 1
673.0,Elev,1,  arrived at src, 4, Elevator call,666.0340295,4,0,2,1
673.0, elevID,1,  pos,4,  cmd, goto,5
678.0,Elevator call,677.7341948,0,-1,1,1, got allocated to elevator, 1
679.0,Elevator call,678.9953585,-1,-2,1,1, got allocated to elevator, 1
680.0,Elev,0,  arrived at src, -1, Elevator call,643.8547515,-1,2,2,0
680.0,Elev,0,  arrived at src, -1, Elevator call,661.042082,-1,3,2,0
680.0,Elev,0,  arrived at src, -1, Elevator call,662.1730528,-1,5,2,0
680.0,Elev,0,  arrived at src, -1, Elevator call,665.1155549,-1,8,2,0
680.0, elevID,0,  pos,-1,  cmd, goto,2
684.0,Elev,1,  arrived at src, 5, Elevator call,666.2411587,5,-1,2,1
684.0, elevID,1,  pos,5,  cmd, goto,6
693.0,Elev,0,  arrived at dest, 2, this call is done!, Elevator call,643.8547515,-1,2,3,0, Done, dt, 49.14524849999998
693.0, elevID,0,  pos,2,  cmd, goto,3
695.0,Elev,1,  arrived at src, 6, Elevator call,660.0732908,6,10,2,1
695.0, elevID,1,  pos,6,  cmd, goto,10
696.0,Elevator call,695.2239882,0,10,1,1, got allocated to elevator, 1
704.0,Elev,0,  arrived at dest, 3, this call is done!, Elevator call,661.042082,-1,3,3,0, Done, dt, 42.95791799999995
704.0, elevID,0,  pos,3,  cmd, goto,5
707.0,Elevator call,706.1583475,-1,-2,1,0, got allocated to elevator, 0
707.0,Elev,1,  arrived at dest, 10, this call is done!, Elevator call,660.0732908,6,10,3,1, Done, dt, 46.926709200000005
707.0, elevID,1,  pos,10,  cmd, goto,0
711.0,Elevator call,710.324977,0,1,1,1, got allocated to elevator, 1
714.0,Elevator call,713.0191971,1,0,1,0, got allocated to elevator, 0
714.0,Elevator call,713.2499766,10,-1,1,0, got allocated to elevator, 0
716.0,Elev,0,  arrived at dest, 5, this call is done!, Elevator call,662.1730528,-1,5,3,0, Done, dt, 53.82694719999995
716.0, elevID,0,  pos,5,  cmd, goto,8
722.0,Elev,1,  arrived at dest, 0, this call is done!, Elevator call,666.0340295,4,0,3,1, Done, dt, 55.965970500000026
722.0,Elev,1,  arrived at src, 0, Elevator call,672.6773142,0,-1,2,1
722.0,Elev,1,  arrived at src, 0, Elevator call,677.7341948,0,-1,2,1
722.0,Elev,1,  arrived at src, 0, Elevator call,695.2239882,0,10,2,1
722.0,Elev,1,  arrived at src, 0, Elevator call,710.324977,0,1,2,1
722.0, elevID,1,  pos,0,  cmd, goto,-1
723.0,Elevator call,722.6161213,10,0,1,1, got allocated to elevator, 1
728.0,Elevator call,727.5146029,-1,0,1,1, got allocated to elevator, 1
729.0,Elev,0,  arrived at dest, 8, this call is done!, Elevator call,665.1155549,-1,8,3,0, Done, dt, 63.88444509999999
729.0, elevID,0,  pos,8,  cmd, goto,10
733.0,Elevator call,732.9746341,6,-1,1,0, got allocated to elevator, 0
733.0,Elev,1,  arrived at dest, -1, this call is done!, Elevator call,666.2411587,5,-1,3,1, Done, dt, 66.75884129999997
733.0,Elev,1,  arrived at dest, -1, this call is done!, Elevator call,672.6773142,0,-1,3,1, Done, dt, 60.322685800000045
733.0,Elev,1,  arrived at dest, -1, this call is done!, Elevator call,677.7341948,0,-1,3,1, Done, dt, 55.265805200000045
733.0,Elev,1,  arrived at src, -1, Elevator call,678.9953585,-1,-2,2,1
733.0,Elev,1,  arrived at src, -1, Elevator call,727.5146029,-1,0,2,1
733.0, elevID,1,  pos,-1,  cmd, goto,-2
738.0,Elevator call,737.3147202,1,0,1,0, got allocated to elevator, 0
741.0,Elev,0,  arrived at src, 10, Elevator call,713.2499766,10,-1,2,0
741.0, elevID,0,  pos,10,  cmd, goto,6
744.0,Elev,1,  arrived at dest, -2, this call is done!, Elevator call,678.9953585,-1,-2,3,1, Done, dt, 65.00464150000005
744.0, elevID,1,  pos,-2,  cmd, goto,0
755.0,Elev,0,  arrived at src, 6, Elevator call,732.9746341,6,-1,2,0
755.0, elevID,0,  pos,6,  cmd, goto,1
755.0,Elev,1,  arrived at dest, 0, this call is done!, Elevator call,727.5146029,-1,0,3,1, Done, dt, 27.4853971
755.0, elevID,1,  pos,0,  cmd, goto,1
766.0,Elev,1,  arrived at dest, 1, this call is done!, Elevator call,710.324977,0,1,3,1, Done, dt, 55.67502300000001
766.0, elevID,1,  pos,1,  cmd, goto,10
770.0,Elev,0,  arrived at src, 1, Elevator call,713.0191971,1,0,2,0
770.0,Elev,0,  arrived at src, 1, Elevator call,737.3147202,1,0,2,0
770.0, elevID,0,  pos,1,  cmd, goto,0
780.0,Elevator call,779.3996914,-1,5,1,1, got allocated to elevator, 1
781.0,Elev,0,  arrived at dest, 0, this call is done!, Elevator call,713.0191971,1,0,3,0, Done, dt, 67.98080289999996
781.0,Elev,0,  arrived at dest, 0, this call is done!, Elevator call,737.3147202,1,0,3,0, Done, dt, 43.68527979999999
781.0, elevID,0,  pos,0,  cmd, goto,-1
781.0,Elev,1,  arrived at dest, 10, this call is done!, Elevator call,695.2239882,0,10,3,1, Done, dt, 85.77601179999999
781.0,Elev,1,  arrived at src, 10, Elevator call,722.6161213,10,0,2,1
781.0, elevID,1,  pos,10,  cmd, goto,0
792.0,Elev,0,  arrived at src, -1, Elevator call,706.1583475,-1,-2,2,0
792.0,Elev,0,  arrived at dest, -1, this call is done!, Elevator call,713.2499766,10,-1,3,0, Done, dt, 78.75002340000003
792.0,Elev,0,  arrived at dest, -1, this call is done!, Elevator call,732.9746341,6,-1,3,0, Done, dt, 59.0253659
792.0, elevID,0,  pos,-1,  cmd, goto,-2
796.0,Elev,1,  arrived at dest, 0, this call is done!, Elevator call,722.6161213,10,0,3,1, Done, dt, 73.38387869999997
796.0, elevID,1,  pos,0,  cmd, goto,-1
803.0,Elev,0,  arrived at dest, -2, this call is done!, Elevator call,706.1583475,-1,-2,3,0, Done, dt, 96.84165250000001
806.0,Elevator call,805.6754743,-1,-2,1,0, got allocated to elevator, 0
806.0, elevID,0,  pos,-2,  cmd, goto,-1
807.0,Elev,1,  arrived at src, -1, Elevator call,779.3996914,-1,5,2,1
807.0, elevID,1,  pos,-1,  cmd, goto,5
811.0,Elevator call,810.4469089,2,0,1,1, got allocated to elevator, 1
811.0, elevID,1,  pos,-1,  cmd, stop,2
817.0,Elevator call,816.1516998,7,-1,1,1, got allocated to elevator, 1
817.0,Elev,0,  arrived at src, -1, Elevator call,805.6754743,-1,-2,2,0
817.0, elevID,0,  pos,-1,  cmd, goto,-2
819.0,Elev,1,  arrived at src, 2, Elevator call,810.4469089,2,0,2,1
819.0, elevID,1,  pos,2,  cmd, goto,5
826.0,Elevator call,825.4575185,7,0,1,0, got allocated to elevator, 0
828.0,Elev,0,  arrived at dest, -2, this call is done!, Elevator call,805.6754743,-1,-2,3,0, Done, dt, 22.32452569999998
828.0, elevID,0,  pos,-2,  cmd, goto,7
831.0,Elev,1,  arrived at dest, 5, this call is done!, Elevator call,779.3996914,-1,5,3,1, Done, dt, 51.60030859999995
831.0, elevID,1,  pos,5,  cmd, goto,7
840.0,Elevator call,839.8525653,0,1,1,1, got allocated to elevator, 1
842.0,Elev,1,  arrived at src, 7, Elevator call,816.1516998,7,-1,2,1
842.0, elevID,1,  pos,7,  cmd, goto,0
847.0,Elev,0,  arrived at src, 7, Elevator call,825.4575185,7,0,2,0
847.0, elevID,0,  pos,7,  cmd, goto,0
855.0,Elevator call,854.2002278,6,-1,1,0, got allocated to elevator, 0
856.0,Elev,1,  arrived at dest, 0, this call is done!, Elevator call,810.4469089,2,0,3,1, Done, dt, 45.55309109999996
856.0,Elev,1,  arrived at src, 0, Elevator call,839.8525653,0,1,2,1
856.0, elevID,1,  pos,0,  cmd, goto,-1
864.0,Elevator call,863.8932913,0,-1,1,0, got allocated to elevator, 0
864.0,Elev,0,  arrived at dest, 0, this call is done!, Elevator call,825.4575185,7,0,3,0, Done, dt, 38.54248150000001
864.0,Elev,0,  arrived at src, 0, Elevator call,863.8932913,0,-1,2,0
864.0, elevID,0,  pos,0,  cmd, goto,-1
867.0,Elev,1,  arrived at dest, -1, this call is done!, Elevator call,816.1516998,7,-1,3,1, Done, dt, 50.84830020000004
867.0, elevID,1,  pos,-1,  cmd, goto,1
871.0,Elevator call,870.5053024,0,7,1,1, got allocated to elevator, 1
871.0, elevID,1,  pos,-1,  cmd, stop,0
875.0,Elev,0,  arrived at dest, -1, this call is done!, Elevator call,863.8932913,0,-1,3,0, Done, dt, 11.106708700000013
875.0, elevID,0,  pos,-1,  cmd, goto,6
878.0,Elev,1,  arrived at src, 0, Elevator call,870.5053024,0,7,2,1
878.0, elevID,1,  pos,0,  cmd, goto,1
887.0,Elevator call,886.5649993,-1,-2,1,0, got allocated to elevator, 0
889.0,Elev,1,  arrived at dest, 1, this call is done!, Elevator call,839.8525653,0,1,3,1, Done, dt, 49.14743469999996
889.0, elevID,1,  pos,1,  cmd, goto,7
892.0,Elev,0,  arrived at src, 6, Elevator call,854.2002278,6,-1,2,0
892.0, elevID,0,  pos,6,  cmd, goto,-1
893.0,Elevator call,892.5212151,9,-1,1,1, got allocated to elevator, 1
902.0,Elev,1,  arrived at dest, 7, this call is done!, Elevator call,870.5053024,0,7,3,1, Done, dt, 31.494697599999995
902.0, elevID,1,  pos,7,  cmd, goto,9
909.0,Elev,0,  arrived at dest, -1, this call is done!, Elevator call,854.2002278,6,-1,3,0, Done, dt, 54.79977220000001
909.0,Elev,0,  arrived at src, -1, Elevator call,886.5649993,-1,-2,2,0
909.0, elevID,0,  pos,-1,  cmd, goto,-2
911.0,Elevator call,910.5388559,6,5,1,0, got allocated to elevator, 0
913.0,Elev,1,  arrived at src, 9, Elevator call,892.5212151,9,-1,2,1
913.0, elevID,1,  pos,9,  cmd, goto,-1
916.0,Elevator call,915.9490575,4,-1,1,0, got allocated to elevator, 0
920.0,Elev,0,  arrived at dest, -2, this call is done!, Elevator call,886.5649993,-1,-2,3,0, Done, dt, 33.435000700000046
920.0, elevID,0,  pos,-2,  cmd, goto,4
928.0,Elev,1,  arrived at dest, -1, this call is done!, Elevator call,892.5212151,9,-1,3,1, Done, dt, 35.47878490000005
934.0,Elevator call,933.8580452,7,5,1,1, got allocated to elevator, 1
934.0, elevID,1,  pos,-1,  cmd, goto,7
936.0,Elev,0,  arrived at src, 4, Elevator call,915.9490575,4,-1,2,0
936.0, elevID,0,  pos,4,  cmd, goto,6
948.0,Elev,0,  arrived at src, 6, Elevator call,910.5388559,6,5,2,0
948.0, elevID,0,  pos,6,  cmd, goto,5
948.0,Elev,1,  arrived at src, 7, Elevator call,933.8580452,7,5,2,1
948.0, elevID,1,  pos,7,  cmd, goto,5
959.0,Elev,0,  arrived at dest, 5, this call is done!, Elevator call,910.5388559,6,5,3,0, Done, dt, 48.461144099999956
959.0, elevID,0,  pos,5,  cmd, goto,-1
959.0,Elev,1,  arrived at dest, 5, this call is done!, Elevator call,933.8580452,7,5,3,1, Done, dt, 25.141954800000008
962.0,Elevator call,961.6862856,6,-1,1,1, got allocated to elevator, 1
962.0, elevID,1,  pos,5,  cmd, goto,6
973.0,Elevator call,972.8032126,1,0,1,0, got allocated to elevator, 0
973.0,Elev,1,  arrived at src, 6, Elevator call,961.6862856,6,-1,2,1
973.0, elevID,1,  pos,6,  cmd, goto,-1
975.0,Elev,0,  arrived at dest, -1, this call is done!, Elevator call,915.9490575,4,-1,3,0, Done, dt, 59.05094250000002
975.0, elevID,0,  pos,-1,  cmd, goto,1
976.0,Elevator call,975.8361203,0,-1,1,1, got allocated to elevator, 1
, elevID,1,  pos,6,  cmd, stop,0
979.0,Elevator call,978.5925149,10,0,1,1, got allocated to elevator, 1
979.0,Elevator call,978.6210501,10,-1,1,1, got allocated to elevator, 1
985.0,Elevator call,984.1840186,7,0,1,0, got allocated to elevator, 0
986.0,Elev,1,  arrived at src, 0, Elevator call,975.8361203,0,-1,2,1
986.0, elevID,1,  pos,0,  cmd, goto,-1
987.0,Elev,0,  arrived at src, 1, Elevator call,972.8032126,1,0,2,0
987.0, elevID,0,  pos,1,  cmd, goto,7
997.0,Elev,1,  arrived at dest, -1, this call is done!, Elevator call,961.6862856,6,-1,3,1, Done, dt, 35.31371439999998
997.0,Elev,1,  arrived at dest, -1, this call is done!, Elevator call,975.8361203,0,-1,3,1, Done, dt, 21.163879700000052
997.0, elevID,1,  pos,-1,  cmd, goto,10
1003.0,Elev,0,  arrived at src, 7, Elevator call,984.1840186,7,0,2,0
1003.0, elevID,0,  pos,7,  cmd, goto,0
1013.0,Elev,1,  arrived at src, 10, Elevator call,978.5925149,10,0,2,1
1013.0,Elev,1,  arrived at src, 10, Elevator call,978.6210501,10,-1,2,1
1013.0, elevID,1,  pos,10,  cmd, goto,0
1020.0,Elev,0,  arrived at dest, 0, this call is done!, Elevator call,972.8032126,1,0,3,0, Done, dt, 47.19678739999995
1020.0,Elev,0,  arrived at dest, 0, this call is done!, Elevator call,984.1840186,7,0,3,0, Done, dt, 35.815981400000055
1028.0,Elev,1,  arrived at dest, 0, this call is done!, Elevator call,978.5925149,10,0,3,1, Done, dt, 49.40748510000003
1028.0, elevID,1,  pos,0,  cmd, goto,-1
1039.0,Elev,1,  arrived at dest, -1, this call is done!, Elevator call,978.6210501,10,-1,3,1, Done, dt, 60.37894989999995
1040.0,************* Simulation Ended ************
Code Owners,208999888,318636693,  Building_file,B2.json,  Calls,output_2_a.csv
Total waiting time: 4764.0,  average waiting time per call: 47.64,  unCompleted calls,0,  certificate, -250895039
